<?xml version="1.0" encoding="UTF-8"?>
<testsuite xmlns:xsi="http://www.w3.org/2001/XMLSchema-instance" xsi:noNamespaceSchemaLocation="https://maven.apache.org/surefire/maven-surefire-plugin/xsd/surefire-test-report-3.0.xsd" version="3.0" name="api.GenerateIdentifierTest" time="0.059" tests="1" errors="1" skipped="0" failures="0">
  <properties>
[...]
</properties>
  <testcase name="newIdentifierCanBeGeneratedTest" classname="api.GenerateIdentifierTest" time="0.053">
    <error message="Connection refused" type="java.net.ConnectException"><![CDATA[java.net.ConnectException: Connection refused
	at api.GenerateIdentifierTest.newIdentifierCanBeGeneratedTest(GenerateIdentifierTest.java:23)
]]></error>
    <system-out><![CDATA[Request method:	GET
Request URI:	http://localhost:80/openmrs/ws/rest/v1/idgen/identifiersource?v=full
Proxy:			<none>
Request params:	<none>
Query params:	v=full
Form params:	<none>
Path params:	<none>
Headers:		Accept=application/json, application/javascript, text/javascript, text/json
				Authorization=Basic YWRtaW46QWRtaW4xMjM=
				Content-Type=application/json
Cookies:		<none>
Multiparts:		<none>
Body:			<none>
]]></system-out>
  </testcase>
</testsuite>