<?xml version="1.0" encoding="UTF-8"?>
<testsuite xmlns:xsi="http://www.w3.org/2001/XMLSchema-instance" xsi:noNamespaceSchemaLocation="https://maven.apache.org/surefire/maven-surefire-plugin/xsd/surefire-test-report-3.0.xsd" version="3.0" name="api.PersonTest" time="5.293" tests="7" errors="7" skipped="0" failures="0">
  <properties>
[...]
</properties>
  <testcase name="deletePersonVoidedTest" classname="api.PersonTest" time="4.615">
    <error message="Connection refused" type="java.net.ConnectException"><![CDATA[java.net.ConnectException: Connection refused
	at api.PersonTest.deletePersonVoidedTest(PersonTest.java:141)
]]></error>
    <system-out><![CDATA[Request method:	POST
Request URI:	http://localhost:80/openmrs/ws/rest/v1/person/
Proxy:			<none>
Request params:	<none>
Query params:	<none>
Form params:	<none>
Path params:	<none>
Headers:		Accept=application/json, application/javascript, text/javascript, text/json
				Authorization=Basic YWRtaW46QWRtaW4xMjM=
				Content-Type=application/json
Cookies:		<none>
Multiparts:		<none>
Body:
{
    "addresses": [
        {
            "address1": "478d5aa7",
            "address2": "39c40866",
            "cityVillage": "fc0c83df",
            "country": "e9a9d788",
            "postalCode": "60ca5be7",
            "stateProvince": "899163f2"
        }
    ],
    "attributes": [
        {
            "attributeType": "14d4f066-15f5-102d-96e4-000c29c2a5d7",
            "value": "+1641).598-4992"
        }
    ],
    "birthdate": "1930-05-11",
    "birthdateEstimated": false,
    "dead": false,
    "gender": "U",
    "names": [
        {
            "familyName": "7c65efae",
            "givenName": "2d993715",
            "middleName": "78e20a2c"
        }
    ]
}
]]></system-out>
    <system-err><![CDATA[SLF4J(W): No SLF4J providers were found.
SLF4J(W): Defaulting to no-operation (NOP) logger implementation
SLF4J(W): See https://www.slf4j.org/codes.html#noProviders for further details.
SLF4J(W): Class path contains SLF4J bindings targeting slf4j-api versions 1.7.x or earlier.
SLF4J(W): Ignoring binding found at [jar:file:/root/.m2/repository/ch/qos/logback/logback-classic/1.2.10/logback-classic-1.2.10.jar!/org/slf4j/impl/StaticLoggerBinder.class]
SLF4J(W): See https://www.slf4j.org/codes.html#ignoredBindings for an explanation.
]]></system-err>
  </testcase>
  <testcase name="negativeCreatePersonTest(String, String, String, int, String, String)[1]" classname="api.PersonTest" time="0.091">
    <error message="Connection refused" type="java.net.ConnectException"><![CDATA[java.net.ConnectException: Connection refused
	at api.PersonTest.negativeCreatePersonTest(PersonTest.java:79)
]]></error>
    <system-out><![CDATA[Request method:	POST
Request URI:	http://localhost:80/openmrs/ws/rest/v1/person/
Proxy:			<none>
Request params:	<none>
Query params:	<none>
Form params:	<none>
Path params:	<none>
Headers:		Accept=application/json, application/javascript, text/javascript, text/json
				Authorization=Basic YWRtaW46QWRtaW4xMjM=
				Content-Type=application/json
Cookies:		<none>
Multiparts:		<none>
Body:
{
    "age": 21,
    "gender": "M",
    "names": [
        {
            "familyName": "LastName",
            "givenName": "",
            "middleName": "middle"
        }
    ]
}
]]></system-out>
  </testcase>
  <testcase name="negativeCreatePersonTest(String, String, String, int, String, String)[2]" classname="api.PersonTest" time="0.065">
    <error message="Connection refused" type="java.net.ConnectException"><![CDATA[java.net.ConnectException: Connection refused
	at api.PersonTest.negativeCreatePersonTest(PersonTest.java:79)
]]></error>
    <system-out><![CDATA[Request method:	POST
Request URI:	http://localhost:80/openmrs/ws/rest/v1/person/
Proxy:			<none>
Request params:	<none>
Query params:	<none>
Form params:	<none>
Path params:	<none>
Headers:		Accept=application/json, application/javascript, text/javascript, text/json
				Authorization=Basic YWRtaW46QWRtaW4xMjM=
				Content-Type=application/json
Cookies:		<none>
Multiparts:		<none>
Body:
{
    "age": -2,
    "gender": "F",
    "names": [
        {
            "familyName": "LastName",
            "givenName": "First",
            "middleName": "middle"
        }
    ]
}
]]></system-out>
  </testcase>
  <testcase name="negativeCreatePersonTest(String, String, String, int, String, String)[3]" classname="api.PersonTest" time="0.056">
    <error message="Connection refused" type="java.net.ConnectException"><![CDATA[java.net.ConnectException: Connection refused
	at api.PersonTest.negativeCreatePersonTest(PersonTest.java:79)
]]></error>
    <system-out><![CDATA[Request method:	POST
Request URI:	http://localhost:80/openmrs/ws/rest/v1/person/
Proxy:			<none>
Request params:	<none>
Query params:	<none>
Form params:	<none>
Path params:	<none>
Headers:		Accept=application/json, application/javascript, text/javascript, text/json
				Authorization=Basic YWRtaW46QWRtaW4xMjM=
				Content-Type=application/json
Cookies:		<none>
Multiparts:		<none>
Body:
{
    "age": 210,
    "gender": "U",
    "names": [
        {
            "familyName": "LastName",
            "givenName": "first",
            "middleName": "middle"
        }
    ]
}
]]></system-out>
  </testcase>
  <testcase name="deletePersonPurgeTest" classname="api.PersonTest" time="0.056">
    <error message="Connection refused" type="java.net.ConnectException"><![CDATA[java.net.ConnectException: Connection refused
	at api.PersonTest.deletePersonPurgeTest(PersonTest.java:157)
]]></error>
    <system-out><![CDATA[Request method:	POST
Request URI:	http://localhost:80/openmrs/ws/rest/v1/person/
Proxy:			<none>
Request params:	<none>
Query params:	<none>
Form params:	<none>
Path params:	<none>
Headers:		Accept=application/json, application/javascript, text/javascript, text/json
				Authorization=Basic YWRtaW46QWRtaW4xMjM=
				Content-Type=application/json
Cookies:		<none>
Multiparts:		<none>
Body:
{
    "addresses": [
        {
            "address1": "a65f1cf6",
            "address2": "8123ce42",
            "cityVillage": "3eff362a",
            "country": "a2f681ec",
            "postalCode": "4deba288",
            "stateProvince": "8699a284"
        }
    ],
    "attributes": [
        {
            "attributeType": "14d4f066-15f5-102d-96e4-000c29c2a5d7",
            "value": "+1630.881 2693"
        }
    ],
    "birthdate": "1972-06-30",
    "birthdateEstimated": false,
    "dead": false,
    "gender": "M",
    "names": [
        {
            "familyName": "0a908772",
            "givenName": "8aa42594",
            "middleName": "fff85e58"
        }
    ]
}
]]></system-out>
  </testcase>
  <testcase name="positiveCreatePersonWithMandatoryFieldsTest" classname="api.PersonTest" time="0.055">
    <error message="Connection refused" type="java.net.ConnectException"><![CDATA[java.net.ConnectException: Connection refused
	at api.PersonTest.positiveCreatePersonWithMandatoryFieldsTest(PersonTest.java:44)
]]></error>
    <system-out><![CDATA[Request method:	POST
Request URI:	http://localhost:80/openmrs/ws/rest/v1/person/
Proxy:			<none>
Request params:	<none>
Query params:	<none>
Form params:	<none>
Path params:	<none>
Headers:		Accept=application/json, application/javascript, text/javascript, text/json
				Authorization=Basic YWRtaW46QWRtaW4xMjM=
				Content-Type=application/json
Cookies:		<none>
Multiparts:		<none>
Body:
{
    "age": 26,
    "gender": "U",
    "names": [
        {
            "familyName": "f8984ae4",
            "givenName": "48dd5329",
            "middleName": "2cb7ff54"
        }
    ]
}
]]></system-out>
  </testcase>
  <testcase name="positiveUpdatePersonMandatoryFieldsTest" classname="api.PersonTest" time="0.057">
    <error message="Connection refused" type="java.net.ConnectException"><![CDATA[java.net.ConnectException: Connection refused
	at api.PersonTest.positiveUpdatePersonMandatoryFieldsTest(PersonTest.java:85)
]]></error>
    <system-out><![CDATA[Request method:	POST
Request URI:	http://localhost:80/openmrs/ws/rest/v1/person/
Proxy:			<none>
Request params:	<none>
Query params:	<none>
Form params:	<none>
Path params:	<none>
Headers:		Accept=application/json, application/javascript, text/javascript, text/json
				Authorization=Basic YWRtaW46QWRtaW4xMjM=
				Content-Type=application/json
Cookies:		<none>
Multiparts:		<none>
Body:
{
    "addresses": [
        {
            "address1": "1789bfd3",
            "address2": "5be2baef",
            "cityVillage": "62aae786",
            "country": "c86d815f",
            "postalCode": "7b827b9c",
            "stateProvince": "486f802c"
        }
    ],
    "attributes": [
        {
            "attributeType": "14d4f066-15f5-102d-96e4-000c29c2a5d7",
            "value": "2936604316"
        }
    ],
    "birthdate": "1975-02-24",
    "birthdateEstimated": false,
    "dead": false,
    "gender": "U",
    "names": [
        {
            "familyName": "3161d82d",
            "givenName": "30c1eff5",
            "middleName": "6600270c"
        }
    ]
}
]]></system-out>
  </testcase>
</testsuite>